==3180== Memcheck, a memory error detector
==3180== Copyright (C) 2002-2017, and GNU GPL'd, by Julian Seward et al.
==3180== Using Valgrind-3.13.0 and LibVEX; rerun with -h for copyright info
==3180== Command: ./mysh -c pwd\ |\ (ls\ -alh\ /)\ |\ (pwd|pwd)\ |\ {pwd;pwd}\ |\ {{pwd|pwd};pwd}\ |\ 2\>&1\ \>/dev/null\ ls\ .\ fdsfsa\ |\ \>a\ pwd\ |\ \>\>b\ pwd\ |\ (pwd\ &)\ |\ cd\ /\ |\ exit\ 31
==3180== Parent PID: 3078
==3180== 
==3180== error calling PR_SET_PTRACER, vgdb might block
==3181== 
==3181== HEAP SUMMARY:
==3181==     in use at exit: 4,072 bytes in 89 blocks
==3181==   total heap usage: 107 allocs, 18 frees, 4,652 bytes allocated
==3181== 
==3181== LEAK SUMMARY:
==3181==    definitely lost: 0 bytes in 0 blocks
==3181==    indirectly lost: 0 bytes in 0 blocks
==3181==      possibly lost: 0 bytes in 0 blocks
==3181==    still reachable: 4,072 bytes in 89 blocks
==3181==         suppressed: 0 bytes in 0 blocks
==3181== Rerun with --leak-check=full to see details of leaked memory
==3181== 
==3181== For counts of detected and suppressed errors, rerun with: -v
==3181== ERROR SUMMARY: 0 errors from 0 contexts (suppressed: 0 from 0)
==3184== 
==3184== HEAP SUMMARY:
==3184==     in use at exit: 4,072 bytes in 89 blocks
==3184==   total heap usage: 107 allocs, 18 frees, 4,652 bytes allocated
==3184== 
==3184== LEAK SUMMARY:
==3184==    definitely lost: 0 bytes in 0 blocks
==3184==    indirectly lost: 0 bytes in 0 blocks
==3184==      possibly lost: 0 bytes in 0 blocks
==3184==    still reachable: 4,072 bytes in 89 blocks
==3184==         suppressed: 0 bytes in 0 blocks
==3184== Rerun with --leak-check=full to see details of leaked memory
==3184== 
==3184== For counts of detected and suppressed errors, rerun with: -v
==3184== ERROR SUMMARY: 0 errors from 0 contexts (suppressed: 0 from 0)
==3182== 
==3182== HEAP SUMMARY:
==3182==     in use at exit: 4,072 bytes in 89 blocks
==3182==   total heap usage: 107 allocs, 18 frees, 4,652 bytes allocated
==3182== 
==3182== LEAK SUMMARY:
==3182==    definitely lost: 0 bytes in 0 blocks
==3182==    indirectly lost: 0 bytes in 0 blocks
==3182==      possibly lost: 0 bytes in 0 blocks
==3182==    still reachable: 4,072 bytes in 89 blocks
==3182==         suppressed: 0 bytes in 0 blocks
==3182== Rerun with --leak-check=full to see details of leaked memory
==3182== 
==3182== For counts of detected and suppressed errors, rerun with: -v
==3182== ERROR SUMMARY: 0 errors from 0 contexts (suppressed: 0 from 0)
==3180== 
==3180== HEAP SUMMARY:
==3180==     in use at exit: 8 bytes in 1 blocks
==3180==   total heap usage: 107 allocs, 106 frees, 4,652 bytes allocated
==3180== 
==3180== LEAK SUMMARY:
==3180==    definitely lost: 0 bytes in 0 blocks
==3180==    indirectly lost: 0 bytes in 0 blocks
==3180==      possibly lost: 0 bytes in 0 blocks
==3180==    still reachable: 8 bytes in 1 blocks
==3180==         suppressed: 0 bytes in 0 blocks
==3180== Rerun with --leak-check=full to see details of leaked memory
==3180== 
==3180== For counts of detected and suppressed errors, rerun with: -v
==3180== ERROR SUMMARY: 0 errors from 0 contexts (suppressed: 0 from 0)
